[ 2017-06-13T11:22:39+08:00 ] 127.0.0.1 /Admin/Category/delete/id/14.html
ERR: 1146:La table '0201_shop_db.0201_goods' n'existe pas
 [ SQL语句 ] : SHOW COLUMNS FROM `0201_goods`

[ 2017-06-13T20:05:09+08:00 ] 127.0.0.1 /Admin/Goods/add_spec.html
INFO: [ app_begin ] --START--
INFO: Run Behavior\ReadHtmlCacheBehavior [ RunTime:0.000000s ]
INFO: [ app_begin ] --END-- [ RunTime:0.001000s ]
SQL: SHOW COLUMNS FROM `goods_type` [ RunTime:0.0020s ]
SQL: SELECT * FROM `goods_type`  [ RunTime:0.0000s ]
SQL: SHOW COLUMNS FROM `spec` [ RunTime:0.0020s ]
SQL: SELECT * FROM `spec` WHERE `type_id` = 1  [ RunTime:0.0000s ]
SQL: SELECT * FROM `spec` WHERE `type_id` = 2  [ RunTime:0.0000s ]
SQL: SHOW COLUMNS FROM `spec_items` [ RunTime:0.0020s ]
SQL: SELECT * FROM `spec_items` WHERE ( 1=1 AND spec_id='13' )  [ RunTime:0.0000s ]
SQL: SELECT * FROM `spec_items` WHERE ( 1=1 AND spec_id='15' )  [ RunTime:0.0010s ]
SQL: SELECT * FROM `spec` WHERE `type_id` = 3  [ RunTime:0.0000s ]
SQL: SELECT * FROM `spec_items` WHERE ( 1=1 AND spec_id='14' )  [ RunTime:0.0000s ]
INFO: [ view_parse ] --START--
INFO: [ template_filter ] --START--
INFO: Run Behavior\ContentReplaceBehavior [ RunTime:0.001000s ]
INFO: [ template_filter ] --END-- [ RunTime:0.001000s ]
INFO: Run Behavior\ParseTemplateBehavior [ RunTime:0.026002s ]
INFO: [ view_parse ] --END-- [ RunTime:0.026002s ]
INFO: [ view_filter ] --START--
INFO: Run Behavior\WriteHtmlCacheBehavior [ RunTime:0.000000s ]
INFO: [ view_filter ] --END-- [ RunTime:0.000000s ]
INFO: [ app_end ] --START--
INFO: Run Behavior\ShowPageTraceBehavior [ RunTime:0.001000s ]
INFO: [ app_end ] --END-- [ RunTime:0.001000s ]

[ 2017-06-13T20:10:10+08:00 ] 127.0.0.1 /Admin/Goods/add_spec.html
INFO: [ app_begin ] --START--
INFO: Run Behavior\ReadHtmlCacheBehavior [ RunTime:0.001000s ]
INFO: [ app_begin ] --END-- [ RunTime:0.001000s ]
SQL: SHOW COLUMNS FROM `goods_type` [ RunTime:0.0020s ]
SQL: SELECT * FROM `goods_type`  [ RunTime:0.0000s ]
SQL: SHOW COLUMNS FROM `spec` [ RunTime:0.0030s ]
SQL: SELECT * FROM `spec` WHERE `type_id` = 1  [ RunTime:0.0010s ]
SQL: SELECT * FROM `spec` WHERE `type_id` = 2  [ RunTime:0.0010s ]
SQL: SHOW COLUMNS FROM `spec_items` [ RunTime:0.0000s ]
SQL: SELECT * FROM `spec_items` WHERE ( 1=1 AND spec_id='13' )  [ RunTime:0.0000s ]
SQL: SELECT * FROM `spec_items` WHERE ( 1=1 AND spec_id='15' )  [ RunTime:0.0000s ]
SQL: SELECT * FROM `spec` WHERE `type_id` = 3  [ RunTime:0.0000s ]
SQL: SELECT * FROM `spec_items` WHERE ( 1=1 AND spec_id='14' )  [ RunTime:0.0000s ]
INFO: [ view_parse ] --START--
INFO: [ template_filter ] --START--
INFO: Run Behavior\ContentReplaceBehavior [ RunTime:0.000000s ]
INFO: [ template_filter ] --END-- [ RunTime:0.000000s ]
INFO: Run Behavior\ParseTemplateBehavior [ RunTime:0.015600s ]
INFO: [ view_parse ] --END-- [ RunTime:0.015600s ]
INFO: [ view_filter ] --START--
INFO: Run Behavior\WriteHtmlCacheBehavior [ RunTime:0.000000s ]
INFO: [ view_filter ] --END-- [ RunTime:0.000000s ]
INFO: [ app_end ] --START--
INFO: Run Behavior\ShowPageTraceBehavior [ RunTime:0.000000s ]
INFO: [ app_end ] --END-- [ RunTime:0.000000s ]

[ 2017-06-13T20:10:52+08:00 ] 127.0.0.1 /Admin/Goods/add_spec.html
INFO: [ app_begin ] --START--
INFO: Run Behavior\ReadHtmlCacheBehavior [ RunTime:0.000000s ]
INFO: [ app_begin ] --END-- [ RunTime:0.000000s ]
SQL: SHOW COLUMNS FROM `goods_type` [ RunTime:0.0020s ]
SQL: SELECT * FROM `goods_type`  [ RunTime:0.0000s ]
SQL: SHOW COLUMNS FROM `spec` [ RunTime:0.0020s ]
SQL: SELECT * FROM `spec` WHERE `type_id` = 1  [ RunTime:0.0000s ]
SQL: SELECT * FROM `spec` WHERE `type_id` = 2  [ RunTime:0.0000s ]
SQL: SHOW COLUMNS FROM `spec_items` [ RunTime:0.0020s ]
SQL: SELECT * FROM `spec_items` WHERE ( 1=1 AND spec_id='13' )  [ RunTime:0.0000s ]
SQL: SELECT * FROM `spec_items` WHERE ( 1=1 AND spec_id='15' )  [ RunTime:0.0000s ]
SQL: SELECT * FROM `spec` WHERE `type_id` = 3  [ RunTime:0.0010s ]
SQL: SELECT * FROM `spec_items` WHERE ( 1=1 AND spec_id='14' )  [ RunTime:0.0000s ]
INFO: [ view_parse ] --START--
INFO: [ template_filter ] --START--
INFO: Run Behavior\ContentReplaceBehavior [ RunTime:0.000000s ]
INFO: [ template_filter ] --END-- [ RunTime:0.000000s ]
INFO: Run Behavior\ParseTemplateBehavior [ RunTime:0.007001s ]
INFO: [ view_parse ] --END-- [ RunTime:0.007001s ]
INFO: [ view_filter ] --START--
INFO: Run Behavior\WriteHtmlCacheBehavior [ RunTime:0.000000s ]
INFO: [ view_filter ] --END-- [ RunTime:0.000000s ]
INFO: [ app_end ] --START--
INFO: Run Behavior\ShowPageTraceBehavior [ RunTime:0.000000s ]
INFO: [ app_end ] --END-- [ RunTime:0.000000s ]

[ 2017-06-13T20:34:21+08:00 ] 127.0.0.1 /Admin/Goods/add_spec.html
INFO: [ app_begin ] --START--
INFO: Run Behavior\ReadHtmlCacheBehavior [ RunTime:0.000000s ]
INFO: [ app_begin ] --END-- [ RunTime:0.000000s ]
SQL: SHOW COLUMNS FROM `goods_type` [ RunTime:0.0020s ]
SQL: SELECT * FROM `goods_type`  [ RunTime:0.0000s ]
SQL: SHOW COLUMNS FROM `spec` [ RunTime:0.0030s ]
SQL: SELECT * FROM `spec` WHERE `type_id` = 1  [ RunTime:0.0010s ]
SQL: SELECT * FROM `spec` WHERE `type_id` = 2  [ RunTime:0.0010s ]
SQL: SHOW COLUMNS FROM `spec_items` [ RunTime:0.0030s ]
SQL: SELECT * FROM `spec_items` WHERE ( 1=1 AND spec_id='13' )  [ RunTime:0.0010s ]
SQL: SELECT * FROM `spec_items` WHERE ( 1=1 AND spec_id='15' )  [ RunTime:0.0000s ]
SQL: SELECT * FROM `spec` WHERE `type_id` = 3  [ RunTime:0.0000s ]
SQL: SELECT * FROM `spec_items` WHERE ( 1=1 AND spec_id='14' )  [ RunTime:0.0000s ]
INFO: [ view_parse ] --START--
INFO: [ template_filter ] --START--
INFO: Run Behavior\ContentReplaceBehavior [ RunTime:0.001000s ]
INFO: [ template_filter ] --END-- [ RunTime:0.001000s ]
INFO: Run Behavior\ParseTemplateBehavior [ RunTime:0.016001s ]
INFO: [ view_parse ] --END-- [ RunTime:0.016001s ]
INFO: [ view_filter ] --START--
INFO: Run Behavior\WriteHtmlCacheBehavior [ RunTime:0.001000s ]
INFO: [ view_filter ] --END-- [ RunTime:0.001000s ]
INFO: [ app_end ] --START--
INFO: Run Behavior\ShowPageTraceBehavior [ RunTime:0.001000s ]
INFO: [ app_end ] --END-- [ RunTime:0.001000s ]

[ 2017-06-13T21:27:02+08:00 ] 127.0.0.1 /Admin/Brand/delete/id/13.html
ERR: 1146:La table '0201_shop_db.0201_goods' n'existe pas
 [ SQL语句 ] : SHOW COLUMNS FROM `0201_goods`

