[ 2017-06-14T09:59:47+08:00 ] 127.0.0.1 /Admin/Goods/add_spec.html
INFO: [ app_begin ] --START--
INFO: Run Behavior\ReadHtmlCacheBehavior [ RunTime:0.000000s ]
INFO: [ app_begin ] --END-- [ RunTime:0.001000s ]
SQL: SHOW COLUMNS FROM `goods_type` [ RunTime:0.0156s ]
SQL: SELECT * FROM `goods_type`  [ RunTime:0.0000s ]
SQL: SHOW COLUMNS FROM `spec` [ RunTime:0.0000s ]
SQL: SELECT * FROM `spec` WHERE `type_id` = 1  [ RunTime:0.0000s ]
SQL: SELECT * FROM `spec` WHERE `type_id` = 2  [ RunTime:0.0000s ]
SQL: SHOW COLUMNS FROM `spec_items` [ RunTime:0.0000s ]
SQL: SELECT * FROM `spec_items` WHERE ( 1=1 AND spec_id='13' )  [ RunTime:0.0000s ]
SQL: SELECT * FROM `spec_items` WHERE ( 1=1 AND spec_id='15' )  [ RunTime:0.0000s ]
SQL: SELECT * FROM `spec` WHERE `type_id` = 3  [ RunTime:0.0000s ]
SQL: SELECT * FROM `spec_items` WHERE ( 1=1 AND spec_id='14' )  [ RunTime:0.0000s ]
INFO: [ view_parse ] --START--
INFO: [ template_filter ] --START--
INFO: Run Behavior\ContentReplaceBehavior [ RunTime:0.000000s ]
INFO: [ template_filter ] --END-- [ RunTime:0.000000s ]
INFO: Run Behavior\ParseTemplateBehavior [ RunTime:0.031200s ]
INFO: [ view_parse ] --END-- [ RunTime:0.031200s ]
INFO: [ view_filter ] --START--
INFO: Run Behavior\WriteHtmlCacheBehavior [ RunTime:0.000000s ]
INFO: [ view_filter ] --END-- [ RunTime:0.000000s ]
INFO: [ app_end ] --START--
INFO: Run Behavior\ShowPageTraceBehavior [ RunTime:0.000000s ]
INFO: [ app_end ] --END-- [ RunTime:0.000000s ]

[ 2017-06-14T10:12:55+08:00 ] 127.0.0.1 /Admin/Goods/add_spec.html
INFO: [ app_begin ] --START--
INFO: Run Behavior\ReadHtmlCacheBehavior [ RunTime:0.000000s ]
INFO: [ app_begin ] --END-- [ RunTime:0.004000s ]
SQL: SHOW COLUMNS FROM `goods_type` [ RunTime:0.0020s ]
SQL: SELECT * FROM `goods_type`  [ RunTime:0.0000s ]
SQL: SHOW COLUMNS FROM `spec` [ RunTime:0.0030s ]
SQL: SELECT * FROM `spec` WHERE `type_id` = 1  [ RunTime:0.0000s ]
SQL: SELECT * FROM `spec` WHERE `type_id` = 2  [ RunTime:0.0000s ]
SQL: SHOW COLUMNS FROM `spec_items` [ RunTime:0.0000s ]
SQL: SELECT * FROM `spec_items` WHERE ( 1=1 AND spec_id='13' )  [ RunTime:0.0000s ]
SQL: SELECT * FROM `spec_items` WHERE ( 1=1 AND spec_id='15' )  [ RunTime:0.0000s ]
SQL: SELECT * FROM `spec` WHERE `type_id` = 3  [ RunTime:0.0000s ]
SQL: SELECT * FROM `spec_items` WHERE ( 1=1 AND spec_id='14' )  [ RunTime:0.0000s ]
INFO: [ view_parse ] --START--
INFO: [ template_filter ] --START--
INFO: Run Behavior\ContentReplaceBehavior [ RunTime:0.000000s ]
INFO: [ template_filter ] --END-- [ RunTime:0.000000s ]
INFO: Run Behavior\ParseTemplateBehavior [ RunTime:0.015600s ]
INFO: [ view_parse ] --END-- [ RunTime:0.015600s ]
INFO: [ view_filter ] --START--
INFO: Run Behavior\WriteHtmlCacheBehavior [ RunTime:0.000000s ]
INFO: [ view_filter ] --END-- [ RunTime:0.000000s ]
INFO: [ app_end ] --START--
INFO: Run Behavior\ShowPageTraceBehavior [ RunTime:0.000000s ]
INFO: [ app_end ] --END-- [ RunTime:0.000000s ]

[ 2017-06-14T10:13:08+08:00 ] 127.0.0.1 /Admin/Goods/add_spec.html
INFO: [ app_begin ] --START--
INFO: Run Behavior\ReadHtmlCacheBehavior [ RunTime:0.000000s ]
INFO: [ app_begin ] --END-- [ RunTime:0.000000s ]
SQL: SHOW COLUMNS FROM `goods_type` [ RunTime:0.0030s ]
SQL: SELECT * FROM `goods_type`  [ RunTime:0.0010s ]
SQL: SHOW COLUMNS FROM `spec` [ RunTime:0.0020s ]
SQL: SELECT * FROM `spec` WHERE `type_id` = 1  [ RunTime:0.0000s ]
SQL: SELECT * FROM `spec` WHERE `type_id` = 2  [ RunTime:0.0000s ]
SQL: SHOW COLUMNS FROM `spec_items` [ RunTime:0.0020s ]
SQL: SELECT * FROM `spec_items` WHERE ( 1=1 AND spec_id='13' )  [ RunTime:0.0010s ]
SQL: SELECT * FROM `spec_items` WHERE ( 1=1 AND spec_id='15' )  [ RunTime:0.0000s ]
SQL: SELECT * FROM `spec` WHERE `type_id` = 3  [ RunTime:0.0000s ]
SQL: SELECT * FROM `spec_items` WHERE ( 1=1 AND spec_id='14' )  [ RunTime:0.0000s ]
INFO: [ view_parse ] --START--
INFO: [ template_filter ] --START--
INFO: Run Behavior\ContentReplaceBehavior [ RunTime:0.000000s ]
INFO: [ template_filter ] --END-- [ RunTime:0.000000s ]
INFO: Run Behavior\ParseTemplateBehavior [ RunTime:0.012000s ]
INFO: [ view_parse ] --END-- [ RunTime:0.012000s ]
INFO: [ view_filter ] --START--
INFO: Run Behavior\WriteHtmlCacheBehavior [ RunTime:0.000000s ]
INFO: [ view_filter ] --END-- [ RunTime:0.000000s ]
INFO: [ app_end ] --START--
INFO: Run Behavior\ShowPageTraceBehavior [ RunTime:0.000000s ]
INFO: [ app_end ] --END-- [ RunTime:0.000000s ]

[ 2017-06-14T10:13:29+08:00 ] 127.0.0.1 /Admin/Goods/add_spec.html
INFO: [ app_begin ] --START--
INFO: Run Behavior\ReadHtmlCacheBehavior [ RunTime:0.001000s ]
INFO: [ app_begin ] --END-- [ RunTime:0.001000s ]
SQL: SHOW COLUMNS FROM `goods_type` [ RunTime:0.0020s ]
SQL: SELECT * FROM `goods_type`  [ RunTime:0.0000s ]
SQL: SHOW COLUMNS FROM `spec` [ RunTime:0.0050s ]
SQL: SELECT * FROM `spec` WHERE `type_id` = 1  [ RunTime:0.0010s ]
SQL: SELECT * FROM `spec` WHERE `type_id` = 2  [ RunTime:0.0000s ]
SQL: SHOW COLUMNS FROM `spec_items` [ RunTime:0.0020s ]
SQL: SELECT * FROM `spec_items` WHERE ( 1=1 AND spec_id='13' )  [ RunTime:0.0010s ]
SQL: SELECT * FROM `spec_items` WHERE ( 1=1 AND spec_id='15' )  [ RunTime:0.0000s ]
SQL: SELECT * FROM `spec` WHERE `type_id` = 3  [ RunTime:0.0000s ]
SQL: SELECT * FROM `spec_items` WHERE ( 1=1 AND spec_id='14' )  [ RunTime:0.0000s ]
INFO: [ view_parse ] --START--
INFO: [ template_filter ] --START--
INFO: Run Behavior\ContentReplaceBehavior [ RunTime:0.001000s ]
INFO: [ template_filter ] --END-- [ RunTime:0.001000s ]
INFO: Run Behavior\ParseTemplateBehavior [ RunTime:0.021001s ]
INFO: [ view_parse ] --END-- [ RunTime:0.021001s ]
INFO: [ view_filter ] --START--
INFO: Run Behavior\WriteHtmlCacheBehavior [ RunTime:0.000000s ]
INFO: [ view_filter ] --END-- [ RunTime:0.000000s ]
INFO: [ app_end ] --START--
INFO: Run Behavior\ShowPageTraceBehavior [ RunTime:0.000000s ]
INFO: [ app_end ] --END-- [ RunTime:0.000000s ]

[ 2017-06-14T10:13:56+08:00 ] 127.0.0.1 /Admin/Goods/add_spec.html
INFO: [ app_begin ] --START--
INFO: Run Behavior\ReadHtmlCacheBehavior [ RunTime:0.001000s ]
INFO: [ app_begin ] --END-- [ RunTime:0.003000s ]
SQL: SHOW COLUMNS FROM `goods_type` [ RunTime:0.0020s ]
SQL: SELECT * FROM `goods_type`  [ RunTime:0.0000s ]
SQL: SHOW COLUMNS FROM `spec` [ RunTime:0.0020s ]
SQL: SELECT * FROM `spec` WHERE `type_id` = 1  [ RunTime:0.0000s ]
SQL: SELECT * FROM `spec` WHERE `type_id` = 2  [ RunTime:0.0000s ]
SQL: SHOW COLUMNS FROM `spec_items` [ RunTime:0.0020s ]
SQL: SELECT * FROM `spec_items` WHERE ( 1=1 AND spec_id='13' )  [ RunTime:0.0010s ]
SQL: SELECT * FROM `spec_items` WHERE ( 1=1 AND spec_id='15' )  [ RunTime:0.0000s ]
SQL: SELECT * FROM `spec` WHERE `type_id` = 3  [ RunTime:0.0000s ]
SQL: SELECT * FROM `spec_items` WHERE ( 1=1 AND spec_id='14' )  [ RunTime:0.0000s ]
INFO: [ view_parse ] --START--
INFO: [ template_filter ] --START--
INFO: Run Behavior\ContentReplaceBehavior [ RunTime:0.000000s ]
INFO: [ template_filter ] --END-- [ RunTime:0.000000s ]
INFO: Run Behavior\ParseTemplateBehavior [ RunTime:0.015600s ]
INFO: [ view_parse ] --END-- [ RunTime:0.015600s ]
INFO: [ view_filter ] --START--
INFO: Run Behavior\WriteHtmlCacheBehavior [ RunTime:0.000000s ]
INFO: [ view_filter ] --END-- [ RunTime:0.000000s ]
INFO: [ app_end ] --START--
INFO: Run Behavior\ShowPageTraceBehavior [ RunTime:0.000000s ]
INFO: [ app_end ] --END-- [ RunTime:0.000000s ]

