[ 2017-06-14T20:53:51+08:00 ] 127.0.0.1 /Home/Contact/add.html
INFO: [ app_begin ] --START--
INFO: Run Behavior\ReadHtmlCacheBehavior [ RunTime:0.001000s ]
INFO: [ app_begin ] --END-- [ RunTime:0.001000s ]
SQL: SHOW COLUMNS FROM `message` [ RunTime:0.0020s ]
NOTIC: [8] Undefined index: auto D:\wamp\www\333\ThinkPHP\Library\Think\Model.class.php 第 1128 行.
SQL: INSERT INTO `message` (`name`,`phone`,`content`) VALUES ('小测试','13688995566','祝你成功') [ RunTime:0.0750s ]

[ 2017-06-14T20:54:55+08:00 ] 127.0.0.1 /Home/Contact/add.html
INFO: [ app_begin ] --START--
INFO: Run Behavior\ReadHtmlCacheBehavior [ RunTime:0.001001s ]
INFO: [ app_begin ] --END-- [ RunTime:0.001001s ]
SQL: SHOW COLUMNS FROM `message` [ RunTime:0.0020s ]
NOTIC: [8] Undefined index: auto D:\wamp\www\333\ThinkPHP\Library\Think\Model.class.php 第 1128 行.

[ 2017-06-14T20:57:18+08:00 ] 127.0.0.1 /Home/Contact/add.html
INFO: [ app_begin ] --START--
INFO: Run Behavior\ReadHtmlCacheBehavior [ RunTime:0.000000s ]
INFO: [ app_begin ] --END-- [ RunTime:0.001000s ]
SQL: SHOW COLUMNS FROM `message` [ RunTime:0.0030s ]
NOTIC: [8] Undefined index: auto D:\wamp\www\333\ThinkPHP\Library\Think\Model.class.php 第 1128 行.

[ 2017-06-14T20:57:44+08:00 ] 127.0.0.1 /Home/Contact/add.html
INFO: [ app_begin ] --START--
INFO: Run Behavior\ReadHtmlCacheBehavior [ RunTime:0.001000s ]
INFO: [ app_begin ] --END-- [ RunTime:0.001000s ]
SQL: SHOW COLUMNS FROM `message` [ RunTime:0.0020s ]
NOTIC: [8] Undefined index: auto D:\wamp\www\333\ThinkPHP\Library\Think\Model.class.php 第 1128 行.
SQL: INSERT INTO `message` (`name`,`phone`,`content`) VALUES ('小测','13688997766','天上早') [ RunTime:0.0750s ]

[ 2017-06-14T20:57:46+08:00 ] 127.0.0.1 /Home/Contact/www.333.com/Home/Contact/contact.html
ERR: 非法操作:www.333.com

[ 2017-06-14T20:59:06+08:00 ] 127.0.0.1 /Home/Contact/www.333.com/Home/Contact/contact.html
ERR: 非法操作:www.333.com

[ 2017-06-14T20:59:40+08:00 ] 127.0.0.1 /Home/Contact/add.html
INFO: [ app_begin ] --START--
INFO: Run Behavior\ReadHtmlCacheBehavior [ RunTime:0.000000s ]
INFO: [ app_begin ] --END-- [ RunTime:0.001000s ]
SQL: SHOW COLUMNS FROM `message` [ RunTime:0.0020s ]
NOTIC: [8] Undefined index: auto D:\wamp\www\333\ThinkPHP\Library\Think\Model.class.php 第 1128 行.
SQL: INSERT INTO `message` (`name`,`phone`,`content`) VALUES ('知乎','13899667744','厉害') [ RunTime:0.0180s ]

[ 2017-06-14T21:01:42+08:00 ] 127.0.0.1 /Home/Contact/add.html
INFO: [ app_begin ] --START--
INFO: Run Behavior\ReadHtmlCacheBehavior [ RunTime:0.000000s ]
INFO: [ app_begin ] --END-- [ RunTime:0.001000s ]
SQL: SHOW COLUMNS FROM `message` [ RunTime:0.0020s ]
NOTIC: [8] Undefined index: auto D:\wamp\www\333\ThinkPHP\Library\Think\Model.class.php 第 1128 行.
SQL: INSERT INTO `message` (`name`,`phone`,`content`,`create_time`) VALUES ('成功','12699884455','成功成功成功成功成功成功成功','1497445302') [ RunTime:0.0180s ]

[ 2017-06-14T21:02:38+08:00 ] 127.0.0.1 /Home/Contact/add.html
INFO: [ app_begin ] --START--
INFO: Run Behavior\ReadHtmlCacheBehavior [ RunTime:0.000000s ]
INFO: [ app_begin ] --END-- [ RunTime:0.001000s ]
SQL: SHOW COLUMNS FROM `message` [ RunTime:0.0020s ]
NOTIC: [8] Undefined index: auto D:\wamp\www\333\ThinkPHP\Library\Think\Model.class.php 第 1128 行.

[ 2017-06-14T21:03:07+08:00 ] 127.0.0.1 /Home/Contact/add.html
INFO: [ app_begin ] --START--
INFO: Run Behavior\ReadHtmlCacheBehavior [ RunTime:0.000000s ]
INFO: [ app_begin ] --END-- [ RunTime:0.001000s ]
SQL: SHOW COLUMNS FROM `message` [ RunTime:0.0020s ]
NOTIC: [8] Undefined index: auto D:\wamp\www\333\ThinkPHP\Library\Think\Model.class.php 第 1128 行.
SQL: INSERT INTO `message` (`name`,`phone`,`content`,`create_time`) VALUES ('成功','13645678945','成功成功成功成功成功成功成功成功成功成功成功成功成功成功成功成功成功','1497445387') [ RunTime:0.0200s ]

[ 2017-06-14T21:03:30+08:00 ] 127.0.0.1 /Home/Contact/add.html
INFO: [ app_begin ] --START--
INFO: Run Behavior\ReadHtmlCacheBehavior [ RunTime:0.000000s ]
INFO: [ app_begin ] --END-- [ RunTime:0.000000s ]
SQL: SHOW COLUMNS FROM `message` [ RunTime:0.0020s ]
NOTIC: [8] Undefined index: auto D:\wamp\www\333\ThinkPHP\Library\Think\Model.class.php 第 1128 行.

